<?xml version="1.0" encoding="UTF-8"?>
<testng-results ignored="0" total="4" passed="3" failed="1" skipped="0">
  <reporter-output>
  </reporter-output>
  <suite started-at="2021-03-30T16:35:07 IST" name="Default suite" finished-at="2021-03-30T16:35:19 IST" duration-ms="11459">
    <groups>
    </groups>
    <test started-at="2021-03-30T16:35:07 IST" name="Default test" finished-at="2021-03-30T16:35:19 IST" duration-ms="11459">
      <class name="com.ltts.testcase">
        <test-method is-config="true" signature="T0()[pri:0, instance:com.ltts.testcase@77167fb7]" started-at="2021-03-30T16:35:07 IST" name="T0" finished-at="2021-03-30T16:35:07 IST" duration-ms="5" status="PASS">
          <reporter-output>
          </reporter-output>
        </test-method> <!-- T0 -->
        <test-method is-config="true" signature="T1()[pri:0, instance:com.ltts.testcase@77167fb7]" started-at="2021-03-30T16:35:07 IST" name="T1" finished-at="2021-03-30T16:35:07 IST" duration-ms="0" status="PASS">
          <reporter-output>
          </reporter-output>
        </test-method> <!-- T1 -->
        <test-method signature="login()[pri:1, instance:com.ltts.testcase@77167fb7]" started-at="2021-03-30T16:35:07 IST" name="login" description="opening the website" finished-at="2021-03-30T16:35:16 IST" duration-ms="8303" status="PASS">
          <reporter-output>
          </reporter-output>
        </test-method> <!-- login -->
        <test-method is-config="true" signature="T2()[pri:0, instance:com.ltts.testcase@77167fb7]" started-at="2021-03-30T16:35:16 IST" name="T2" finished-at="2021-03-30T16:35:16 IST" duration-ms="1" status="PASS">
          <reporter-output>
          </reporter-output>
        </test-method> <!-- T2 -->
        <test-method is-config="true" signature="T1()[pri:0, instance:com.ltts.testcase@77167fb7]" started-at="2021-03-30T16:35:16 IST" name="T1" finished-at="2021-03-30T16:35:16 IST" duration-ms="0" status="PASS">
          <reporter-output>
          </reporter-output>
        </test-method> <!-- T1 -->
        <test-method signature="max()[pri:2, instance:com.ltts.testcase@77167fb7]" started-at="2021-03-30T16:35:16 IST" name="max" description="maximizing the window" finished-at="2021-03-30T16:35:16 IST" depends-on-methods="com.ltts.testcase.login" duration-ms="264" status="PASS">
          <reporter-output>
          </reporter-output>
        </test-method> <!-- max -->
        <test-method is-config="true" signature="T2()[pri:0, instance:com.ltts.testcase@77167fb7]" started-at="2021-03-30T16:35:16 IST" name="T2" finished-at="2021-03-30T16:35:16 IST" duration-ms="0" status="PASS">
          <reporter-output>
          </reporter-output>
        </test-method> <!-- T2 -->
        <test-method is-config="true" signature="T1()[pri:0, instance:com.ltts.testcase@77167fb7]" started-at="2021-03-30T16:35:16 IST" name="T1" finished-at="2021-03-30T16:35:16 IST" duration-ms="0" status="PASS">
          <reporter-output>
          </reporter-output>
        </test-method> <!-- T1 -->
        <test-method signature="Verify()[pri:3, instance:com.ltts.testcase@77167fb7]" started-at="2021-03-30T16:35:16 IST" name="Verify" finished-at="2021-03-30T16:35:19 IST" duration-ms="2827" status="PASS">
          <reporter-output>
          </reporter-output>
        </test-method> <!-- Verify -->
        <test-method is-config="true" signature="T2()[pri:0, instance:com.ltts.testcase@77167fb7]" started-at="2021-03-30T16:35:19 IST" name="T2" finished-at="2021-03-30T16:35:19 IST" duration-ms="0" status="PASS">
          <reporter-output>
          </reporter-output>
        </test-method> <!-- T2 -->
        <test-method is-config="true" signature="T1()[pri:0, instance:com.ltts.testcase@77167fb7]" started-at="2021-03-30T16:35:19 IST" name="T1" finished-at="2021-03-30T16:35:19 IST" duration-ms="0" status="PASS">
          <reporter-output>
          </reporter-output>
        </test-method> <!-- T1 -->
        <test-method signature="lose()[pri:4, instance:com.ltts.testcase@77167fb7]" started-at="2021-03-30T16:35:19 IST" name="lose" finished-at="2021-03-30T16:35:19 IST" duration-ms="28" status="FAIL">
          <exception class="org.openqa.selenium.NoSuchWindowException">
            <message>
              <![CDATA[Browsing context has been discarded
Build info: version: '3.141.0', revision: '2ecb7d9a', time: '2018-10-31T20:22:46'
System info: host: 'MYTSP01697', ip: '192.168.49.207', os.name: 'Windows 10', os.arch: 'amd64', os.version: '10.0', java.version: '15.0.2'
Driver info: org.openqa.selenium.firefox.FirefoxDriver
Capabilities {acceptInsecureCerts: true, browserName: firefox, browserVersion: 87.0, javascriptEnabled: true, moz:accessibilityChecks: false, moz:buildID: 20210318103112, moz:geckodriverVersion: 0.29.0, moz:headless: false, moz:processID: 15728, moz:profile: C:\Users\Training\AppData\L..., moz:shutdownTimeout: 60000, moz:useNonSpecCompliantPointerOrigin: false, moz:webdriverClick: true, pageLoadStrategy: normal, platform: WINDOWS, platformName: WINDOWS, platformVersion: 10.0, rotatable: false, setWindowRect: true, strictFileInteractability: false, timeouts: {implicit: 0, pageLoad: 300000, script: 30000}, unhandledPromptBehavior: dismiss and notify}
Session ID: f495e245-6b23-4667-857a-c494a48f1dfd]]>
            </message>
            <full-stacktrace>
              <![CDATA[org.openqa.selenium.NoSuchWindowException: Browsing context has been discarded
Build info: version: '3.141.0', revision: '2ecb7d9a', time: '2018-10-31T20:22:46'
System info: host: 'MYTSP01697', ip: '192.168.49.207', os.name: 'Windows 10', os.arch: 'amd64', os.version: '10.0', java.version: '15.0.2'
Driver info: org.openqa.selenium.firefox.FirefoxDriver
Capabilities {acceptInsecureCerts: true, browserName: firefox, browserVersion: 87.0, javascriptEnabled: true, moz:accessibilityChecks: false, moz:buildID: 20210318103112, moz:geckodriverVersion: 0.29.0, moz:headless: false, moz:processID: 15728, moz:profile: C:\Users\Training\AppData\L..., moz:shutdownTimeout: 60000, moz:useNonSpecCompliantPointerOrigin: false, moz:webdriverClick: true, pageLoadStrategy: normal, platform: WINDOWS, platformName: WINDOWS, platformVersion: 10.0, rotatable: false, setWindowRect: true, strictFileInteractability: false, timeouts: {implicit: 0, pageLoad: 300000, script: 30000}, unhandledPromptBehavior: dismiss and notify}
Session ID: f495e245-6b23-4667-857a-c494a48f1dfd
at java.base/jdk.internal.reflect.NativeConstructorAccessorImpl.newInstance0(Native Method)
at java.base/jdk.internal.reflect.NativeConstructorAccessorImpl.newInstance(NativeConstructorAccessorImpl.java:64)
at java.base/jdk.internal.reflect.DelegatingConstructorAccessorImpl.newInstance(DelegatingConstructorAccessorImpl.java:45)
at java.base/java.lang.reflect.Constructor.newInstanceWithCaller(Constructor.java:500)
at java.base/java.lang.reflect.Constructor.newInstance(Constructor.java:481)
at org.openqa.selenium.remote.http.W3CHttpResponseCodec.createException(W3CHttpResponseCodec.java:187)
at org.openqa.selenium.remote.http.W3CHttpResponseCodec.decode(W3CHttpResponseCodec.java:122)
at org.openqa.selenium.remote.http.W3CHttpResponseCodec.decode(W3CHttpResponseCodec.java:49)
at org.openqa.selenium.remote.HttpCommandExecutor.execute(HttpCommandExecutor.java:158)
at org.openqa.selenium.remote.service.DriverCommandExecutor.execute(DriverCommandExecutor.java:83)
at org.openqa.selenium.remote.RemoteWebDriver.execute(RemoteWebDriver.java:552)
at org.openqa.selenium.remote.RemoteWebDriver.execute(RemoteWebDriver.java:609)
at org.openqa.selenium.remote.RemoteWebDriver.close(RemoteWebDriver.java:442)
at com.ltts.testcase.lose(testcase.java:68)
at java.base/jdk.internal.reflect.NativeMethodAccessorImpl.invoke0(Native Method)
at java.base/jdk.internal.reflect.NativeMethodAccessorImpl.invoke(NativeMethodAccessorImpl.java:64)
at java.base/jdk.internal.reflect.DelegatingMethodAccessorImpl.invoke(DelegatingMethodAccessorImpl.java:43)
at java.base/java.lang.reflect.Method.invoke(Method.java:564)
at org.testng.internal.MethodInvocationHelper.invokeMethod(MethodInvocationHelper.java:132)
at org.testng.internal.TestInvoker.invokeMethod(TestInvoker.java:599)
at org.testng.internal.TestInvoker.invokeTestMethod(TestInvoker.java:174)
at org.testng.internal.MethodRunner.runInSequence(MethodRunner.java:46)
at org.testng.internal.TestInvoker$MethodInvocationAgent.invoke(TestInvoker.java:822)
at org.testng.internal.TestInvoker.invokeTestMethods(TestInvoker.java:147)
at org.testng.internal.TestMethodWorker.invokeTestMethods(TestMethodWorker.java:146)
at org.testng.internal.TestMethodWorker.run(TestMethodWorker.java:128)
at java.base/java.util.ArrayList.forEach(ArrayList.java:1511)
at org.testng.TestRunner.privateRun(TestRunner.java:764)
at org.testng.TestRunner.run(TestRunner.java:585)
at org.testng.SuiteRunner.runTest(SuiteRunner.java:384)
at org.testng.SuiteRunner.runSequentially(SuiteRunner.java:378)
at org.testng.SuiteRunner.privateRun(SuiteRunner.java:337)
at org.testng.SuiteRunner.run(SuiteRunner.java:286)
at org.testng.SuiteRunnerWorker.runSuite(SuiteRunnerWorker.java:53)
at org.testng.SuiteRunnerWorker.run(SuiteRunnerWorker.java:96)
at org.testng.TestNG.runSuitesSequentially(TestNG.java:1218)
at org.testng.TestNG.runSuitesLocally(TestNG.java:1140)
at org.testng.TestNG.runSuites(TestNG.java:1069)
at org.testng.TestNG.run(TestNG.java:1037)
at org.testng.remote.AbstractRemoteTestNG.run(AbstractRemoteTestNG.java:115)
at org.testng.remote.RemoteTestNG.initAndRun(RemoteTestNG.java:251)
at org.testng.remote.RemoteTestNG.main(RemoteTestNG.java:77)
]]>
            </full-stacktrace>
          </exception> <!-- org.openqa.selenium.NoSuchWindowException -->
          <reporter-output>
          </reporter-output>
        </test-method> <!-- lose -->
        <test-method is-config="true" signature="T2()[pri:0, instance:com.ltts.testcase@77167fb7]" started-at="2021-03-30T16:35:19 IST" name="T2" finished-at="2021-03-30T16:35:19 IST" duration-ms="0" status="PASS">
          <reporter-output>
          </reporter-output>
        </test-method> <!-- T2 -->
        <test-method is-config="true" signature="T3()[pri:0, instance:com.ltts.testcase@77167fb7]" started-at="2021-03-30T16:35:19 IST" name="T3" finished-at="2021-03-30T16:35:19 IST" duration-ms="0" status="PASS">
          <reporter-output>
          </reporter-output>
        </test-method> <!-- T3 -->
      </class> <!-- com.ltts.testcase -->
    </test> <!-- Default test -->
  </suite> <!-- Default suite -->
</testng-results>
